<?xml version="1.0" encoding="UTF-8"?>
<testsuite xmlns:xsi="http://www.w3.org/2001/XMLSchema-instance" xsi:schemaLocation="https://maven.apache.org/surefire/maven-surefire-plugin/xsd/surefire-test-report.xsd" name="ShopTest" time="0.017" tests="10" errors="0" skipped="1" failures="0">
  <properties>
[...]
</properties>
  <testcase name="testRealItem" classname="ShopTest" time="0"/>
  <testcase name="testVirtualItem" classname="ShopTest" time="0"/>
  <testcase name="testCartName" classname="ShopTest" time="0.001"/>
  <testcase name="testTotalPrice" classname="ShopTest" time="0.001"/>
  <testcase name="testShowItems" classname="ShopTest" time="0.001"/>
  <testcase name="testDeleteRealItem" classname="ShopTest" time="0.001"/>
  <testcase name="testDeleteVirtualItem" classname="ShopTest" time="0.001"/>
  <testcase name="writeToFileTest" classname="ShopTest" time="0.003"/>
  <testcase name="readFromFileTest" classname="ShopTest" time="0.002"/>
  <testcase name="noSuchFileExceptionTest" classname="ShopTest" time="0">
    <skipped message="public void ShopTest.noSuchFileExceptionTest() is @Disabled"/>
  </testcase>
</testsuite>